/COM,ANSYS RELEASE 2021 R2           BUILD 21.2      UP20210601       13:28:53

 *** WARNING ***                         CP =       0.562   TIME= 13:28:54
 Temperature-dependent properties have not been specified.  The          
 THOPT,QUASI option does not perform equilibrium iterations.  Small      
 time steps may be required to obtain accurate results.                  

 *** WARNING ***                         CP =       0.656   TIME= 13:28:54
 Element shape checking is currently inactive.  Issue SHPP,ON or         
 SHPP,WARN to reactivate, if desired.                                    

 *** WARNING ***                         CP =       0.688   TIME= 13:28:54
 Material number 2 (used by element 4771) should normally have at least  
 one MP or one TB type command associated with it.  Output of energy by  
 material may not be available.                                          

 *** WARNING ***                         CP =       3.172   TIME= 13:28:57
 Material number 2 (used by element 4771) should normally have at least  
 one MP or one TB type command associated with it.  Output of energy by  
 material may not be available.                                          

 *** WARNING ***                         CP =       4.984   TIME= 13:29:00
 Material number 2 (used by element 4771) should normally have at least  
 one MP or one TB type command associated with it.  Output of energy by  
 material may not be available.                                          

 *** WARNING ***                         CP =       6.797   TIME= 13:29:02
 Material number 2 (used by element 4771) should normally have at least  
 one MP or one TB type command associated with it.  Output of energy by  
 material may not be available.                                          

 *** WARNING ***                         CP =       8.703   TIME= 13:29:05
 Material number 2 (used by element 4771) should normally have at least  
 one MP or one TB type command associated with it.  Output of energy by  
 material may not be available.                                          
